<?xml version="1.0" encoding="UTF-8"?>
<!-- Generated by org.testng.reporters.JUnitXMLReporter -->
<testsuite hostname="5CG6292Q47" ignored="0" name="Test" tests="1" failures="0" timestamp="20 paÅº 2017 13:18:15 GMT" time="0.026" errors="0">
  <testcase name="@BeforeSuite setUp" time="7.943" classname="selenium.SeleniumTests">
    <failure type="util.WrongPageException" message="Incorrect page for selenium">
      <![CDATA[util.WrongPageException: Incorrect page for selenium
	at selenium.SeleniumTests.setUp(SeleniumTests.java:27)
... Removed 19 stack frames]]>
    </failure>
  </testcase> <!-- @BeforeSuite setUp -->
  <testcase name="homePage" time="0.0" classname="selenium.SeleniumTests">
    <skipped/>
  </testcase> <!-- homePage -->
</testsuite> <!-- Test -->
